[2021-03-14 19:10:36,888] I Поиск последнего лога в директори /home/otus_student/log
[2021-03-14 19:10:36,888] I Поиск лога в директории /home/otus_student/log
[2021-03-14 19:10:36,888] I Получили файл nginx-accessuilog20160130
[2021-03-14 19:10:36,889] I Получили файл conf
[2021-03-14 19:10:36,889] I Получили файл nginx-access-ui.log-20170630.gz
[2021-03-14 19:10:36,889] I Найден файл логов для анализа: /home/otus_student/log/nginx-access-ui.log-20170630.gz
[2021-03-14 19:10:36,889] I Найден лог /home/otus_student/log/nginx-access-ui.log-20170630.gz
[2021-03-14 19:10:36,889] I Отчет будет сохранен в файл: ./reports/report-2017.06.30.html
[2021-03-14 19:10:36,889] I Создается парсер лога
[2021-03-14 19:10:36,889] I Производится предварительный анализ
[2021-03-14 19:11:09,451] I Порог ошибок 0.01%
[2021-03-14 19:11:09,451] I Формируется итоговый результат
[2021-03-14 19:11:12,502] I Запись отчета в файл: ./reports/report-2017.06.30.html
[2021-03-14 19:11:33,365] I Поиск последнего лога в директори /home/otus_student/log
[2021-03-14 19:11:33,365] I Поиск лога в директории /home/otus_student/log
[2021-03-14 19:11:33,366] I Получили файл nginx-accessuilog20160130
[2021-03-14 19:11:33,366] I Получили файл conf
[2021-03-14 19:11:33,366] I Получили файл nginx-access-ui.log-20170630.gz
[2021-03-14 19:11:33,366] I Найден файл логов для анализа: /home/otus_student/log/nginx-access-ui.log-20170630.gz
[2021-03-14 19:11:33,366] I Найден лог /home/otus_student/log/nginx-access-ui.log-20170630.gz
[2021-03-14 19:11:33,366] I Отчет для последнего лога существует: ./reports/report-2017.06.30.html
[2021-03-14 19:13:56,506] I Поиск последнего лога в директори /home/otus_student/log
[2021-03-14 19:13:56,507] I Поиск лога в директории /home/otus_student/log
[2021-03-14 19:13:56,507] I Получили файл nginx-access-ui.log-20210314
[2021-03-14 19:13:56,507] I Получили файл conf
[2021-03-14 19:13:56,507] I Получили файл nginx-access-ui.log-20170630.gz
[2021-03-14 19:13:56,507] I Найден файл логов для анализа: /home/otus_student/log/nginx-access-ui.log-20210314
[2021-03-14 19:13:56,507] I Найден лог /home/otus_student/log/nginx-access-ui.log-20210314
[2021-03-14 19:13:56,507] I Отчет будет сохранен в файл: ./reports/report-2021.03.14.html
[2021-03-14 19:13:56,507] I Создается парсер лога
[2021-03-14 19:13:56,507] I Производится предварительный анализ
[2021-03-14 19:13:56,513] I Порог ошибок 0.0%
[2021-03-14 19:13:56,514] I Формируется итоговый результат
[2021-03-14 19:13:56,518] I Запись отчета в файл: ./reports/report-2021.03.14.html
[2021-03-14 19:16:04,010] I Поиск последнего лога в директори /home/otus_student/log
[2021-03-14 19:16:04,011] I Поиск лога в директории /home/otus_student/log
[2021-03-14 19:16:04,011] I Получили файл conf
[2021-03-14 19:16:04,011] I Получили файл nginx-access-ui.log-20170630.gz
[2021-03-14 19:16:04,011] I Получили файл nginx-access-ui.log-20160314
[2021-03-14 19:16:04,011] I Найден файл логов для анализа: /home/otus_student/log/nginx-access-ui.log-20170630.gz
[2021-03-14 19:16:04,011] I Найден лог /home/otus_student/log/nginx-access-ui.log-20170630.gz
[2021-03-14 19:16:04,011] I Отчет будет сохранен в файл: ./reports/report-2017.06.30.html
[2021-03-14 19:16:04,011] I Создается парсер лога
[2021-03-14 19:16:04,011] I Производится предварительный анализ
[2021-03-14 19:16:07,197] E 
Traceback (most recent call last):
  File "/home/avm/Code/OtusHomeworkCode/log_analyzer/loganalyzer/__main__.py", line 123, in main
    analyzer.get_temp_result(url, time_request)
KeyboardInterrupt
